<?xml version="1.0" encoding="UTF-8"?>
<testng-results skipped="0" failed="0" ignored="0" total="1" passed="1">
  <reporter-output>
  </reporter-output>
  <suite name="Default suite" duration-ms="18945" started-at="2017-07-29T15:20:55Z" finished-at="2017-07-29T15:21:14Z">
    <groups>
    </groups>
    <test name="Default test" duration-ms="18945" started-at="2017-07-29T15:20:55Z" finished-at="2017-07-29T15:21:14Z">
      <class name="notepad.NotepadExample">
        <test-method status="PASS" signature="startUp()[pri:0, instance:notepad.NotepadExample@56f4468b]" name="startUp" is-config="true" duration-ms="907" started-at="2017-07-29T20:50:55Z" finished-at="2017-07-29T20:50:56Z">
          <reporter-output>
          </reporter-output>
        </test-method> <!-- startUp -->
        <test-method status="PASS" signature="openNotepad()[pri:0, instance:notepad.NotepadExample@56f4468b]" name="openNotepad" duration-ms="18023" started-at="2017-07-29T20:50:56Z" finished-at="2017-07-29T20:51:14Z">
          <reporter-output>
          </reporter-output>
        </test-method> <!-- openNotepad -->
        <test-method status="PASS" signature="end()[pri:0, instance:notepad.NotepadExample@56f4468b]" name="end" is-config="true" duration-ms="1" started-at="2017-07-29T20:51:14Z" finished-at="2017-07-29T20:51:14Z">
          <reporter-output>
          </reporter-output>
        </test-method> <!-- end -->
      </class> <!-- notepad.NotepadExample -->
    </test> <!-- Default test -->
  </suite> <!-- Default suite -->
</testng-results>
