<?xml version="1.0" encoding="UTF-8"?>
<testng-results skipped="0" failed="0" ignored="0" total="1" passed="1">
  <reporter-output>
  </reporter-output>
  <suite name="Suite containing script to open notepad" duration-ms="19892" started-at="2017-07-29T14:41:37Z" finished-at="2017-07-29T14:41:57Z">
    <groups>
    </groups>
    <test name="Test Script to open notepad" duration-ms="19892" started-at="2017-07-29T14:41:37Z" finished-at="2017-07-29T14:41:57Z">
      <class name="notepad.NotepadExample">
        <test-method status="PASS" signature="startUp()[pri:0, instance:notepad.NotepadExample@643b1d11]" name="startUp" is-config="true" duration-ms="891" started-at="2017-07-29T20:11:37Z" finished-at="2017-07-29T20:11:38Z">
          <reporter-output>
          </reporter-output>
        </test-method> <!-- startUp -->
        <test-method status="PASS" signature="openNotepad()[pri:0, instance:notepad.NotepadExample@643b1d11]" name="openNotepad" duration-ms="18981" started-at="2017-07-29T20:11:38Z" finished-at="2017-07-29T20:11:57Z">
          <reporter-output>
          </reporter-output>
        </test-method> <!-- openNotepad -->
        <test-method status="PASS" signature="end()[pri:0, instance:notepad.NotepadExample@643b1d11]" name="end" is-config="true" duration-ms="1" started-at="2017-07-29T20:11:57Z" finished-at="2017-07-29T20:11:57Z">
          <reporter-output>
          </reporter-output>
        </test-method> <!-- end -->
      </class> <!-- notepad.NotepadExample -->
    </test> <!-- Test Script to open notepad -->
  </suite> <!-- Suite containing script to open notepad -->
</testng-results>
